This is pdfTeX, Version 3.141592653-2.6-1.40.26 (MiKTeX 24.4) (preloaded format=pdflatex 2024.10.27)  30 APR 2026 09:53
entering extended mode
 restricted \write18 enabled.
 %&-line parsing enabled.
**./ZSI-TeX-dok.tex
(ZSI-TeX-dok.tex
LaTeX2e <2024-06-01> patch level 2
L3 programming layer <2024-10-09>
(C:\Users\tomas\AppData\Local\Programs\MiKTeX\tex/latex/base\article.cls
Document Class: article 2024/02/08 v1.4n Standard LaTeX document class
(C:\Users\tomas\AppData\Local\Programs\MiKTeX\tex/latex/base\size12.clo
File: size12.clo 2024/02/08 v1.4n Standard LaTeX file (size option)
)
\c@part=\count194
\c@section=\count195
\c@subsection=\count196
\c@subsubsection=\count197
\c@paragraph=\count198
\c@subparagraph=\count199
\c@figure=\count266
\c@table=\count267
\abovecaptionskip=\skip49
\belowcaptionskip=\skip50
\bibindent=\dimen141
)
(C:\Users\tomas\AppData\Local\Programs\MiKTeX\tex/latex/base\fontenc.sty
Package: fontenc 2021/04/29 v2.0v Standard LaTeX package
)
(C:\Users\tomas\AppData\Local\Programs\MiKTeX\tex/generic/babel\babel.sty
Package: babel 2024/10/20 v24.12 The multilingual framework for pdfLaTeX, LuaLa
TeX and XeLaTeX
\babel@savecnt=\count268
\U@D=\dimen142
\l@unhyphenated=\language79

(C:\Users\tomas\AppData\Local\Programs\MiKTeX\tex/generic/babel\txtbabel.def)
\bbl@readstream=\read2
\bbl@dirlevel=\count269

*************************************
* Local config file bblopts.cfg used
*
(C:\Users\tomas\AppData\Local\Programs\MiKTeX\tex/latex/arabi\bblopts.cfg
File: bblopts.cfg 2005/09/08 v0.1 add Arabic and Farsi to "declared" options of
 babel
)
(C:\Users\tomas\AppData\Local\Programs\MiKTeX\tex/latex/babel-polish\polish.ldf
Language: polish 2022/03/12 1.3 Babel support for Polish
Package babel Info: Making " an active character on input line 101.
))
(C:\Users\tomas\AppData\Local\Programs\MiKTeX\tex/generic/babel/locale/pl\babel
-polish.tex
Package babel Info: Importing font and identification data for polish
(babel)             from babel-pl.ini. Reported on input line 11.
)
(C:\Users\tomas\AppData\Local\Programs\MiKTeX\tex/latex/base\inputenc.sty
Package: inputenc 2024/02/08 v1.3d Input encoding file
\inpenc@prehook=\toks17
\inpenc@posthook=\toks18
)
(C:\Users\tomas\AppData\Local\Programs\MiKTeX\tex/latex/lm\lmodern.sty
Package: lmodern 2015/05/01 v1.6.1 Latin Modern Fonts
LaTeX Font Info:    Overwriting symbol font `operators' in version `normal'
(Font)                  OT1/cmr/m/n --> OT1/lmr/m/n on input line 22.
LaTeX Font Info:    Overwriting symbol font `letters' in version `normal'
(Font)                  OML/cmm/m/it --> OML/lmm/m/it on input line 23.
LaTeX Font Info:    Overwriting symbol font `symbols' in version `normal'
(Font)                  OMS/cmsy/m/n --> OMS/lmsy/m/n on input line 24.
LaTeX Font Info:    Overwriting symbol font `largesymbols' in version `normal'
(Font)                  OMX/cmex/m/n --> OMX/lmex/m/n on input line 25.
LaTeX Font Info:    Overwriting symbol font `operators' in version `bold'
(Font)                  OT1/cmr/bx/n --> OT1/lmr/bx/n on input line 26.
LaTeX Font Info:    Overwriting symbol font `letters' in version `bold'
(Font)                  OML/cmm/b/it --> OML/lmm/b/it on input line 27.
LaTeX Font Info:    Overwriting symbol font `symbols' in version `bold'
(Font)                  OMS/cmsy/b/n --> OMS/lmsy/b/n on input line 28.
LaTeX Font Info:    Overwriting symbol font `largesymbols' in version `bold'
(Font)                  OMX/cmex/m/n --> OMX/lmex/m/n on input line 29.
LaTeX Font Info:    Overwriting math alphabet `\mathbf' in version `normal'
(Font)                  OT1/cmr/bx/n --> OT1/lmr/bx/n on input line 31.
LaTeX Font Info:    Overwriting math alphabet `\mathsf' in version `normal'
(Font)                  OT1/cmss/m/n --> OT1/lmss/m/n on input line 32.
LaTeX Font Info:    Overwriting math alphabet `\mathit' in version `normal'
(Font)                  OT1/cmr/m/it --> OT1/lmr/m/it on input line 33.
LaTeX Font Info:    Overwriting math alphabet `\mathtt' in version `normal'
(Font)                  OT1/cmtt/m/n --> OT1/lmtt/m/n on input line 34.
LaTeX Font Info:    Overwriting math alphabet `\mathbf' in version `bold'
(Font)                  OT1/cmr/bx/n --> OT1/lmr/bx/n on input line 35.
LaTeX Font Info:    Overwriting math alphabet `\mathsf' in version `bold'
(Font)                  OT1/cmss/bx/n --> OT1/lmss/bx/n on input line 36.
LaTeX Font Info:    Overwriting math alphabet `\mathit' in version `bold'
(Font)                  OT1/cmr/bx/it --> OT1/lmr/bx/it on input line 37.
LaTeX Font Info:    Overwriting math alphabet `\mathtt' in version `bold'
(Font)                  OT1/cmtt/m/n --> OT1/lmtt/m/n on input line 38.
)
(C:\Users\tomas\AppData\Local\Programs\MiKTeX\tex/latex/graphics\graphicx.sty
Package: graphicx 2021/09/16 v1.2d Enhanced LaTeX Graphics (DPC,SPQR)

(C:\Users\tomas\AppData\Local\Programs\MiKTeX\tex/latex/graphics\keyval.sty
Package: keyval 2022/05/29 v1.15 key=value parser (DPC)
\KV@toks@=\toks19
)
(C:\Users\tomas\AppData\Local\Programs\MiKTeX\tex/latex/graphics\graphics.sty
Package: graphics 2024/05/23 v1.4g Standard LaTeX Graphics (DPC,SPQR)

(C:\Users\tomas\AppData\Local\Programs\MiKTeX\tex/latex/graphics\trig.sty
Package: trig 2023/12/02 v1.11 sin cos tan (DPC)
)
(C:\Users\tomas\AppData\Local\Programs\MiKTeX\tex/latex/graphics-cfg\graphics.c
fg
File: graphics.cfg 2016/06/04 v1.11 sample graphics configuration
)
Package graphics Info: Driver file: pdftex.def on input line 106.

(C:\Users\tomas\AppData\Local\Programs\MiKTeX\tex/latex/graphics-def\pdftex.def
File: pdftex.def 2024/04/13 v1.2c Graphics/color driver for pdftex
))
\Gin@req@height=\dimen143
\Gin@req@width=\dimen144
) (C:\Users\tomas\AppData\Local\Programs\MiKTeX\tex/latex/xcolor\xcolor.sty
Package: xcolor 2024/09/29 v3.02 LaTeX color extensions (UK)

(C:\Users\tomas\AppData\Local\Programs\MiKTeX\tex/latex/graphics-cfg\color.cfg
File: color.cfg 2016/01/02 v1.6 sample color configuration
)
Package xcolor Info: Driver file: pdftex.def on input line 274.
(C:\Users\tomas\AppData\Local\Programs\MiKTeX\tex/latex/graphics\mathcolor.ltx)
Package xcolor Info: Model `cmy' substituted by `cmy0' on input line 1349.
Package xcolor Info: Model `hsb' substituted by `rgb' on input line 1353.
Package xcolor Info: Model `RGB' extended on input line 1365.
Package xcolor Info: Model `HTML' substituted by `rgb' on input line 1367.
Package xcolor Info: Model `Hsb' substituted by `hsb' on input line 1368.
Package xcolor Info: Model `tHsb' substituted by `hsb' on input line 1369.
Package xcolor Info: Model `HSB' substituted by `hsb' on input line 1370.
Package xcolor Info: Model `Gray' substituted by `gray' on input line 1371.
Package xcolor Info: Model `wave' substituted by `hsb' on input line 1372.
) (C:\Users\tomas\AppData\Local\Programs\MiKTeX\tex/latex/float\float.sty
Package: float 2001/11/08 v1.3d Float enhancements (AL)
\c@float@type=\count270
\float@exts=\toks20
\float@box=\box52
\@float@everytoks=\toks21
\@floatcapt=\box53
)
(C:\Users\tomas\AppData\Local\Programs\MiKTeX\tex/latex/url\url.sty
\Urlmuskip=\muskip17
Package: url 2013/09/16  ver 3.4  Verb mode for urls, etc.
)
LaTeX Font Info:    Trying to load font information for T1+lmr on input line 20
.

(C:\Users\tomas\AppData\Local\Programs\MiKTeX\tex/latex/lm\t1lmr.fd
File: t1lmr.fd 2015/05/01 v1.6.1 Font defs for Latin Modern
)
(C:\Users\tomas\AppData\Local\Programs\MiKTeX\tex/latex/l3backend\l3backend-pdf
tex.def
File: l3backend-pdftex.def 2024-05-08 L3 backend support: PDF output (pdfTeX)
\l__color_backend_stack_int=\count271
\l__pdf_internal_box=\box54
) (ZSI-TeX-dok.aux)
\openout1 = `ZSI-TeX-dok.aux'.

LaTeX Font Info:    Checking defaults for OML/cmm/m/it on input line 20.
LaTeX Font Info:    ... okay on input line 20.
LaTeX Font Info:    Checking defaults for OMS/cmsy/m/n on input line 20.
LaTeX Font Info:    ... okay on input line 20.
LaTeX Font Info:    Checking defaults for OT1/cmr/m/n on input line 20.
LaTeX Font Info:    ... okay on input line 20.
LaTeX Font Info:    Checking defaults for T1/cmr/m/n on input line 20.
LaTeX Font Info:    ... okay on input line 20.
LaTeX Font Info:    Checking defaults for TS1/cmr/m/n on input line 20.
LaTeX Font Info:    ... okay on input line 20.
LaTeX Font Info:    Checking defaults for OMX/cmex/m/n on input line 20.
LaTeX Font Info:    ... okay on input line 20.
LaTeX Font Info:    Checking defaults for U/cmr/m/n on input line 20.
LaTeX Font Info:    ... okay on input line 20.

(C:\Users\tomas\AppData\Local\Programs\MiKTeX\tex/context/base/mkii\supp-pdf.mk
ii
[Loading MPS to PDF converter (version 2006.09.02).]
\scratchcounter=\count272
\scratchdimen=\dimen145
\scratchbox=\box55
\nofMPsegments=\count273
\nofMParguments=\count274
\everyMPshowfont=\toks22
\MPscratchCnt=\count275
\MPscratchDim=\dimen146
\MPnumerator=\count276
\makeMPintoPDFobject=\count277
\everyMPtoPDFconversion=\toks23
)
(C:\Users\tomas\AppData\Local\Programs\MiKTeX\tex/latex/epstopdf-pkg\epstopdf-b
ase.sty
Package: epstopdf-base 2020-01-24 v2.11 Base part for package epstopdf
Package epstopdf-base Info: Redefining graphics rule for `.eps' on input line 4
85.

(C:\Users\tomas\AppData\Local\Programs\MiKTeX\tex/latex/00miktex\epstopdf-sys.c
fg
File: epstopdf-sys.cfg 2021/03/18 v2.0 Configuration of epstopdf for MiKTeX
))
<media/ps-logo.png, id=1, 280.04625pt x 280.04625pt>
File: media/ps-logo.png Graphic file (type png)
<use media/ps-logo.png>
Package pdftex.def Info: media/ps-logo.png  used on input line 26.
(pdftex.def)             Requested size: 195.0pt x 195.00974pt.


[1


{C:/Users/tomas/AppData/Local/MiKTeX/fonts/map/pdftex/pdftex.map}{C:/Users/toma
s/AppData/Local/Programs/MiKTeX/fonts/enc/dvips/lm/lm-ec.enc} <./media/ps-logo.
png (PNG copy)>] (ZSI-TeX-dok.toc
LaTeX Font Info:    Trying to load font information for OT1+lmr on input line 4
.

(C:\Users\tomas\AppData\Local\Programs\MiKTeX\tex/latex/lm\ot1lmr.fd
File: ot1lmr.fd 2015/05/01 v1.6.1 Font defs for Latin Modern
)
LaTeX Font Info:    Trying to load font information for OML+lmm on input line 4
.

(C:\Users\tomas\AppData\Local\Programs\MiKTeX\tex/latex/lm\omllmm.fd
File: omllmm.fd 2015/05/01 v1.6.1 Font defs for Latin Modern
)
LaTeX Font Info:    Trying to load font information for OMS+lmsy on input line 
4.

(C:\Users\tomas\AppData\Local\Programs\MiKTeX\tex/latex/lm\omslmsy.fd
File: omslmsy.fd 2015/05/01 v1.6.1 Font defs for Latin Modern
)
LaTeX Font Info:    Trying to load font information for OMX+lmex on input line 
4.

(C:\Users\tomas\AppData\Local\Programs\MiKTeX\tex/latex/lm\omxlmex.fd
File: omxlmex.fd 2015/05/01 v1.6.1 Font defs for Latin Modern
)
LaTeX Font Info:    External font `lmex10' loaded for size
(Font)              <12> on input line 4.
LaTeX Font Info:    External font `lmex10' loaded for size
(Font)              <8> on input line 4.
LaTeX Font Info:    External font `lmex10' loaded for size
(Font)              <6> on input line 4.
)
\tf@toc=\write3
\openout3 = `ZSI-TeX-dok.toc'.



[1]
LaTeX Font Info:    Trying to load font information for TS1+lmr on input line 6
2.
 (C:\Users\tomas\AppData\Local\Programs\MiKTeX\tex/latex/lm\ts1lmr.fd
File: ts1lmr.fd 2015/05/01 v1.6.1 Font defs for Latin Modern
)
LaTeX Font Info:    Trying to load font information for T1+lmtt on input line 6
4.

(C:\Users\tomas\AppData\Local\Programs\MiKTeX\tex/latex/lm\t1lmtt.fd
File: t1lmtt.fd 2015/05/01 v1.6.1 Font defs for Latin Modern
)
Overfull \hbox (14.7359pt too wide) in paragraph at lines 77--78
\T1/lmr/m/n/12 Projekt sku-pia si¦ na prak-tycz-nym wy-ko-rzy-sta-niu na-rz¦-dz
i \T1/lmtt/m/n/12 az cli \T1/lmr/m/n/12 oraz \T1/lmtt/m/n/12 kubectl
 []



[2{C:/Users/tomas/AppData/Local/Programs/MiKTeX/fonts/enc/dvips/lm/lm-ts1.enc}]
LaTeX Font Info:    Font shape `T1/lmtt/bx/n' in size <12> not available
(Font)              Font shape `T1/lmtt/b/n' tried instead on input line 93.


[3]
<media/instalacja-azure-cli.png, id=21, 928.97063pt x 584.93532pt>
File: media/instalacja-azure-cli.png Graphic file (type png)
<use media/instalacja-azure-cli.png>
Package pdftex.def Info: media/instalacja-azure-cli.png  used on input line 115
.
(pdftex.def)             Requested size: 390.0pt x 245.57297pt.
<media/logowanie-cli.png, id=23, 928.97063pt x 584.93532pt>
File: media/logowanie-cli.png Graphic file (type png)
<use media/logowanie-cli.png>
Package pdftex.def Info: media/logowanie-cli.png  used on input line 124.
(pdftex.def)             Requested size: 390.0pt x 245.57297pt.


LaTeX Warning: `!h' float specifier changed to `!ht'.

<media/instalacja-kubectl.png, id=24, 928.97063pt x 277.78781pt>
File: media/instalacja-kubectl.png Graphic file (type png)
<use media/instalacja-kubectl.png>
Package pdftex.def Info: media/instalacja-kubectl.png  used on input line 133.
(pdftex.def)             Requested size: 390.0pt x 116.62344pt.

LaTeX Warning: `!h' float specifier changed to `!ht'.



[4 <./media/instalacja-azure-cli.png>]
<media/resource-group.png, id=29, 724.95844pt x 277.78781pt>
File: media/resource-group.png Graphic file (type png)
<use media/resource-group.png>
Package pdftex.def Info: media/resource-group.png  used on input line 142.
(pdftex.def)             Requested size: 390.0pt x 149.43942pt.


LaTeX Warning: `!h' float specifier changed to `!ht'.

<media/utworzenie-klastra.png, id=30, 867.99281pt x 404.26031pt>
File: media/utworzenie-klastra.png Graphic file (type png)
<use media/utworzenie-klastra.png>
Package pdftex.def Info: media/utworzenie-klastra.png  used on input line 151.
(pdftex.def)             Requested size: 390.0pt x 181.63788pt.

Underfull \hbox (badness 1968) in paragraph at lines 152--152
[]\T1/lmr/m/n/12 Rysunek 5: Utwo-rze-nie kla-stra "Kla-ste-rAKS"z dwoma w¦-zŞam
i Stan-
 []



[5 <./media/logowanie-cli.png> <./media/instalacja-kubectl.png>]
<media/weryfikacja-wezlow.png, id=36, 687.31781pt x 169.38281pt>
File: media/weryfikacja-wezlow.png Graphic file (type png)
<use media/weryfikacja-wezlow.png>
Package pdftex.def Info: media/weryfikacja-wezlow.png  used on input line 158.
(pdftex.def)             Requested size: 390.0pt x 96.10982pt.


LaTeX Warning: `!h' float specifier changed to `!ht'.

<media/dostep.png, id=37, 1441.63594pt x 712.16063pt>
File: media/dostep.png Graphic file (type png)
<use media/dostep.png>
Package pdftex.def Info: media/dostep.png  used on input line 167.
(pdftex.def)             Requested size: 390.0pt x 192.6554pt.

LaTeX Warning: `!h' float specifier changed to `!ht'.



[6 <./media/resource-group.png> <./media/utworzenie-klastra.png>]
<media/s1.jpg, id=44, 1155.1155pt x 623.32875pt>
File: media/s1.jpg Graphic file (type jpg)
<use media/s1.jpg>
Package pdftex.def Info: media/s1.jpg  used on input line 186.
(pdftex.def)             Requested size: 390.0pt x 210.45473pt.


[7 <./media/weryfikacja-wezlow.png> <./media/dostep.png>]
Overfull \hbox (54.60022pt too wide) in paragraph at lines 200--200
[]   \T1/lmtt/m/n/12 STATUS=$(curl -s -o /dev/null -w "%{http_code}" http://<EX
TERNAL_IP>)[] 
 []



[8 <./media/s1.jpg>]
Overfull \hbox (0.27641pt too wide) in paragraph at lines 208--209
[]\T1/lmr/m/n/12 Sprawdzeniu lo-gów zda-rze« kla-stra (\T1/lmtt/m/n/12 kubectl 
get events\T1/lmr/m/n/12 ), co po-twier-
 []

<media/s3.png, id=53, 2826.56pt x 1541.76pt>
File: media/s3.png Graphic file (type png)
<use media/s3.png>
Package pdftex.def Info: media/s3.png  used on input line 226.
(pdftex.def)             Requested size: 390.0pt x 212.71605pt.

LaTeX Warning: `!h' float specifier changed to `!ht'.



[9]
Overfull \hbox (9.60997pt too wide) in paragraph at lines 240--241
[]\T1/lmr/bx/n/12 Zalety AKS: \T1/lmr/m/n/12 Wy-ko-rzy-sta-nie za-rzˇ-dza-nego 
kla-stra AKS znacz-nie uprasz-
 []



[10 <./media/s3.png>]
Overfull \hbox (2.27591pt too wide) in paragraph at lines 251--252
[]\T1/lmr/m/n/12 Microsoft Le-arn, \T1/lmr/m/it/12 Do-ku-men-ta-cja usŞugi Azur
e Ku-ber-ne-tes Se-rvice (AKS)\T1/lmr/m/n/12 ,
 []


Overfull \hbox (37.34485pt too wide) in paragraph at lines 252--253
\T1/lmr/m/n/12 [on-line] $\T1/lmtt/m/n/12 https : / / kubernetes . io / docs / 
concepts / workloads / controllers /
 []


Overfull \hbox (4.89491pt too wide) in paragraph at lines 253--254
[]\T1/lmr/m/n/12 Kubernetes Do-cu-men-ta-tion, \T1/lmr/m/it/12 Rol-ling Back a 
De-ploy-ment\T1/lmr/m/n/12 , [on-line] $\T1/lmtt/m/n/12 https :
 []


Overfull \hbox (28.39989pt too wide) in paragraph at lines 253--254
\T1/lmtt/m/n/12 / / kubernetes . io / docs / concepts / workloads / controllers
 / deployment /
 []


Overfull \hbox (66.81677pt too wide) in paragraph at lines 256--257
\T1/lmr/m/it/12 Le-ast Pri-vi-lege)\T1/lmr/m/n/12 , [on-line] $\T1/lmtt/m/n/12 
https : / / learn . microsoft . com / pl-[]pl / windows-[]server /
 []


Overfull \hbox (223.32498pt too wide) in paragraph at lines 256--257
\T1/lmtt/m/n/12 identity / ad-[]ds / plan / security-[]best-[]practices / imple
menting-[]least-[]privilege-[]administrative-[]models$
 []



[11] (ZSI-TeX-dok.aux)
 ***********
LaTeX2e <2024-06-01> patch level 2
L3 programming layer <2024-10-09>
 ***********
 ) 
Here is how much of TeX's memory you used:
 3651 strings out of 473897
 62457 string characters out of 5726461
 458941 words of memory out of 5000000
 26481 multiletter control sequences out of 15000+600000
 597698 words of font info for 59 fonts, out of 8000000 for 9000
 1141 hyphenation exceptions out of 8191
 57i,6n,65p,613b,355s stack positions out of 10000i,1000n,20000p,200000b,200000s
<C:/Users/tomas/AppData/Local/Programs/MiKTeX/fonts/type1/public/lm/lmbx12.pf
b><C:/Users/tomas/AppData/Local/Programs/MiKTeX/fonts/type1/public/lm/lmr12.pfb
><C:/Users/tomas/AppData/Local/Programs/MiKTeX/fonts/type1/public/lm/lmri12.pfb
><C:/Users/tomas/AppData/Local/Programs/MiKTeX/fonts/type1/public/lm/lmtk10.pfb
><C:/Users/tomas/AppData/Local/Programs/MiKTeX/fonts/type1/public/lm/lmtt12.pfb
>
Output written on ZSI-TeX-dok.pdf (12 pages, 5576696 bytes).
PDF statistics:
 90 PDF objects out of 1000 (max. 8388607)
 0 named destinations out of 1000 (max. 500000)
 51 words of extra memory for PDF output out of 10000 (max. 10000000)

